<?xml version="1.0" encoding="UTF-8"?>
<!-- Generated by org.testng.reporters.JUnitReportReporter -->
<testsuite hostname="DEEPAK" failures="0" tests="1" name="com.naukri.automation.NaukriProfileUpdateTest" time="3.675" errors="0" timestamp="2025-05-30T22:58:45 IST" skipped="0">
  <testcase classname="com.naukri.automation.NaukriProfileUpdateTest" name="updateResume" time="3.675"/>
</testsuite> <!-- com.naukri.automation.NaukriProfileUpdateTest -->
